2014/04/24 02:32:43 [error] [system.db.CDbCommand] CDbCommand::fetchAll() failed: SQLSTATE[42000]: Syntax error or access violation: 1064 You have an error in your SQL syntax; check the manual that corresponds to your MySQL server version for the right syntax to use near 'AND subjectType ='EGO' order by ordering' at line 1. The SQL statement executed was: SELECT * FROM question WHERE studyId =  AND subjectType ='EGO' order by ordering.
2014/04/24 02:32:43 [error] [exception.CDbException] exception 'CDbException' with message 'CDbCommand failed to execute the SQL statement: SQLSTATE[42000]: Syntax error or access violation: 1064 You have an error in your SQL syntax; check the manual that corresponds to your MySQL server version for the right syntax to use near 'AND subjectType ='EGO' order by ordering' at line 1' in /Users/zhangster/Sites/egoweb/egowebWebApp/system/framework/db/CDbCommand.php:541
Stack trace:
#0 /Users/zhangster/Sites/egoweb/egowebWebApp/system/framework/db/CDbCommand.php(395): CDbCommand->queryInternal('fetchAll', Array, Array)
#1 /Users/zhangster/Sites/egoweb/egowebWebApp/protected/models/Study.php(105): CDbCommand->queryAll()
#2 /Users/zhangster/Sites/egoweb/egowebWebApp/protected/views/interviewing/view.php(544): Study->nav('175', '21', '806')
#3 /Users/zhangster/Sites/egoweb/egowebWebApp/system/framework/web/CBaseController.php(126): require('/Users/zhangste...')
#4 /Users/zhangster/Sites/egoweb/egowebWebApp/system/framework/web/CBaseController.php(95): CBaseController->renderInternal('/Users/zhangste...', Array, true)
#5 /Users/zhangster/Sites/egoweb/egowebWebApp/system/framework/web/CController.php(869): CBaseController->renderFile('/Users/zhangste...', Array, true)
#6 /Users/zhangster/Sites/egoweb/egowebWebApp/system/framework/web/CController.php(782): CController->renderPartial('view', Array, true)
#7 /Users/zhangster/Sites/egoweb/egowebWebApp/protected/controllers/InterviewingController.php(122): CController->render('view', Array)
#8 [internal function]: InterviewingController->actionView('175')
#9 /Users/zhangster/Sites/egoweb/egowebWebApp/system/framework/web/actions/CAction.php(108): ReflectionMethod->invokeArgs(Object(InterviewingController), Array)
#10 /Users/zhangster/Sites/egoweb/egowebWebApp/system/framework/web/actions/CInlineAction.php(47): CAction->runWithParamsInternal(Object(InterviewingController), Object(ReflectionMethod), Array)
#11 /Users/zhangster/Sites/egoweb/egowebWebApp/system/framework/web/CController.php(308): CInlineAction->runWithParams(Array)
#12 /Users/zhangster/Sites/egoweb/egowebWebApp/system/framework/web/filters/CFilterChain.php(133): CController->runAction(Object(CInlineAction))
#13 /Users/zhangster/Sites/egoweb/egowebWebApp/system/framework/web/filters/CFilter.php(40): CFilterChain->run()
#14 /Users/zhangster/Sites/egoweb/egowebWebApp/system/framework/web/CController.php(1145): CFilter->filter(Object(CFilterChain))
#15 /Users/zhangster/Sites/egoweb/egowebWebApp/system/framework/web/filters/CInlineFilter.php(58): CController->filterAccessControl(Object(CFilterChain))
#16 /Users/zhangster/Sites/egoweb/egowebWebApp/system/framework/web/filters/CFilterChain.php(130): CInlineFilter->filter(Object(CFilterChain))
#17 /Users/zhangster/Sites/egoweb/egowebWebApp/system/framework/web/CController.php(291): CFilterChain->run()
#18 /Users/zhangster/Sites/egoweb/egowebWebApp/system/framework/web/CController.php(265): CController->runActionWithFilters(Object(CInlineAction), Array)
#19 /Users/zhangster/Sites/egoweb/egowebWebApp/system/framework/web/CWebApplication.php(282): CController->run('view')
#20 /Users/zhangster/Sites/egoweb/egowebWebApp/system/framework/web/CWebApplication.php(141): CWebApplication->runController('interviewing/vi...')
#21 /Users/zhangster/Sites/egoweb/egowebWebApp/system/framework/base/CApplication.php(169): CWebApplication->processRequest()
#22 /Users/zhangster/Sites/egoweb/egowebWebApp/index.php(18): CApplication->run()
#23 {main}
REQUEST_URI=/interviewing/175?interviewId=806&page=21
HTTP_REFERER=http://egoweb/interviewing/175?interviewId=806&page=20
---
2014/04/24 02:34:54 [error] [php] Cannot modify header information - headers already sent by (output started at /Users/zhangster/Sites/egoweb/egowebWebApp/protected/extensions/yiidebugtb/views/debugPanel.php:233) (/Users/zhangster/Sites/egoweb/egowebWebApp/system/framework/web/CHttpRequest.php:789)
Stack trace:
#0 /Users/zhangster/Sites/egoweb/egowebWebApp/protected/controllers/InterviewingController.php(415): InterviewingController->redirect()
#1 unknown(0): InterviewingController->actionSave()
#2 /Users/zhangster/Sites/egoweb/egowebWebApp/system/framework/web/actions/CAction.php(108): ReflectionMethod->invokeArgs()
#3 /Users/zhangster/Sites/egoweb/egowebWebApp/system/framework/web/actions/CInlineAction.php(47): CInlineAction->runWithParamsInternal()
#4 /Users/zhangster/Sites/egoweb/egowebWebApp/system/framework/web/CController.php(308): CInlineAction->runWithParams()
#5 /Users/zhangster/Sites/egoweb/egowebWebApp/system/framework/web/filters/CFilterChain.php(133): InterviewingController->runAction()
#6 /Users/zhangster/Sites/egoweb/egowebWebApp/system/framework/web/filters/CFilter.php(40): CFilterChain->run()
#7 /Users/zhangster/Sites/egoweb/egowebWebApp/system/framework/web/CController.php(1145): CAccessControlFilter->filter()
#8 /Users/zhangster/Sites/egoweb/egowebWebApp/system/framework/web/filters/CInlineFilter.php(58): InterviewingController->filterAccessControl()
#9 /Users/zhangster/Sites/egoweb/egowebWebApp/system/framework/web/filters/CFilterChain.php(130): CInlineFilter->filter()
#10 /Users/zhangster/Sites/egoweb/egowebWebApp/system/framework/web/CController.php(291): CFilterChain->run()
#11 /Users/zhangster/Sites/egoweb/egowebWebApp/system/framework/web/CController.php(265): InterviewingController->runActionWithFilters()
#12 /Users/zhangster/Sites/egoweb/egowebWebApp/system/framework/web/CWebApplication.php(282): InterviewingController->run()
#13 /Users/zhangster/Sites/egoweb/egowebWebApp/system/framework/web/CWebApplication.php(141): CWebApplication->runController()
#14 /Users/zhangster/Sites/egoweb/egowebWebApp/system/framework/base/CApplication.php(169): CWebApplication->processRequest()
#15 /Users/zhangster/Sites/egoweb/egowebWebApp/index.php(18): CWebApplication->run()
REQUEST_URI=/interviewing/save/175
2014/04/24 03:14:29 [error] [php] Invalid argument supplied for foreach() (/Users/zhangster/Sites/egoweb/egowebWebApp/protected/views/interviewing/view.php:152)
Stack trace:
#0 /Users/zhangster/Sites/egoweb/egowebWebApp/system/framework/web/CController.php(869): InterviewingController->renderFile()
#1 /Users/zhangster/Sites/egoweb/egowebWebApp/system/framework/web/CController.php(782): InterviewingController->renderPartial()
#2 /Users/zhangster/Sites/egoweb/egowebWebApp/protected/controllers/InterviewingController.php(424): InterviewingController->render()
#3 unknown(0): InterviewingController->actionSave()
#4 /Users/zhangster/Sites/egoweb/egowebWebApp/system/framework/web/actions/CAction.php(108): ReflectionMethod->invokeArgs()
#5 /Users/zhangster/Sites/egoweb/egowebWebApp/system/framework/web/actions/CInlineAction.php(47): CInlineAction->runWithParamsInternal()
#6 /Users/zhangster/Sites/egoweb/egowebWebApp/system/framework/web/CController.php(308): CInlineAction->runWithParams()
#7 /Users/zhangster/Sites/egoweb/egowebWebApp/system/framework/web/filters/CFilterChain.php(133): InterviewingController->runAction()
#8 /Users/zhangster/Sites/egoweb/egowebWebApp/system/framework/web/filters/CFilter.php(40): CFilterChain->run()
#9 /Users/zhangster/Sites/egoweb/egowebWebApp/system/framework/web/CController.php(1145): CAccessControlFilter->filter()
#10 /Users/zhangster/Sites/egoweb/egowebWebApp/system/framework/web/filters/CInlineFilter.php(58): InterviewingController->filterAccessControl()
#11 /Users/zhangster/Sites/egoweb/egowebWebApp/system/framework/web/filters/CFilterChain.php(130): CInlineFilter->filter()
#12 /Users/zhangster/Sites/egoweb/egowebWebApp/system/framework/web/CController.php(291): CFilterChain->run()
#13 /Users/zhangster/Sites/egoweb/egowebWebApp/system/framework/web/CController.php(265): InterviewingController->runActionWithFilters()
#14 /Users/zhangster/Sites/egoweb/egowebWebApp/system/framework/web/CWebApplication.php(282): InterviewingController->run()
#15 /Users/zhangster/Sites/egoweb/egowebWebApp/system/framework/web/CWebApplication.php(141): CWebApplication->runController()
#16 /Users/zhangster/Sites/egoweb/egowebWebApp/system/framework/base/CApplication.php(169): CWebApplication->processRequest()
#17 /Users/zhangster/Sites/egoweb/egowebWebApp/index.php(18): CWebApplication->run()
REQUEST_URI=/interviewing/save/136
2014/04/24 04:35:23 [error] [php] Cannot modify header information - headers already sent by (output started at /Users/zhangster/Sites/egoweb/egowebWebApp/protected/extensions/yiidebugtb/views/debugPanel.php:233) (/Users/zhangster/Sites/egoweb/egowebWebApp/system/framework/web/CHttpRequest.php:789)
Stack trace:
#0 /Users/zhangster/Sites/egoweb/egowebWebApp/protected/controllers/InterviewingController.php(416): InterviewingController->redirect()
#1 unknown(0): InterviewingController->actionSave()
#2 /Users/zhangster/Sites/egoweb/egowebWebApp/system/framework/web/actions/CAction.php(108): ReflectionMethod->invokeArgs()
#3 /Users/zhangster/Sites/egoweb/egowebWebApp/system/framework/web/actions/CInlineAction.php(47): CInlineAction->runWithParamsInternal()
#4 /Users/zhangster/Sites/egoweb/egowebWebApp/system/framework/web/CController.php(308): CInlineAction->runWithParams()
#5 /Users/zhangster/Sites/egoweb/egowebWebApp/system/framework/web/filters/CFilterChain.php(133): InterviewingController->runAction()
#6 /Users/zhangster/Sites/egoweb/egowebWebApp/system/framework/web/filters/CFilter.php(40): CFilterChain->run()
#7 /Users/zhangster/Sites/egoweb/egowebWebApp/system/framework/web/CController.php(1145): CAccessControlFilter->filter()
#8 /Users/zhangster/Sites/egoweb/egowebWebApp/system/framework/web/filters/CInlineFilter.php(58): InterviewingController->filterAccessControl()
#9 /Users/zhangster/Sites/egoweb/egowebWebApp/system/framework/web/filters/CFilterChain.php(130): CInlineFilter->filter()
#10 /Users/zhangster/Sites/egoweb/egowebWebApp/system/framework/web/CController.php(291): CFilterChain->run()
#11 /Users/zhangster/Sites/egoweb/egowebWebApp/system/framework/web/CController.php(265): InterviewingController->runActionWithFilters()
#12 /Users/zhangster/Sites/egoweb/egowebWebApp/system/framework/web/CWebApplication.php(282): InterviewingController->run()
#13 /Users/zhangster/Sites/egoweb/egowebWebApp/system/framework/web/CWebApplication.php(141): CWebApplication->runController()
#14 /Users/zhangster/Sites/egoweb/egowebWebApp/system/framework/base/CApplication.php(169): CWebApplication->processRequest()
#15 /Users/zhangster/Sites/egoweb/egowebWebApp/index.php(18): CWebApplication->run()
REQUEST_URI=/interviewing/save/175
2014/04/24 14:18:40 [error] [exception.CHttpException.404] exception 'CHttpException' with message 'Unable to resolve the request "post".' in /Users/zhangster/Sites/egoweb/egowebWebApp/system/framework/web/CWebApplication.php:286
Stack trace:
#0 /Users/zhangster/Sites/egoweb/egowebWebApp/system/framework/web/CWebApplication.php(141): CWebApplication->runController('post')
#1 /Users/zhangster/Sites/egoweb/egowebWebApp/system/framework/base/CApplication.php(169): CWebApplication->processRequest()
#2 /Users/zhangster/Sites/egoweb/egowebWebApp/index.php(18): CApplication->run()
#3 {main}
REQUEST_URI=/post?id=
HTTP_REFERER=http://egoweb/interviewing/189
---
2014/04/24 14:22:52 [error] [exception.CHttpException.404] exception 'CHttpException' with message 'The system is unable to find the requested action "audio".' in /Users/zhangster/Sites/egoweb/egowebWebApp/system/framework/web/CController.php:483
Stack trace:
#0 /Users/zhangster/Sites/egoweb/egowebWebApp/system/framework/web/CController.php(270): CController->missingAction('audio')
#1 /Users/zhangster/Sites/egoweb/egowebWebApp/system/framework/web/CWebApplication.php(282): CController->run('audio')
#2 /Users/zhangster/Sites/egoweb/egowebWebApp/system/framework/web/CWebApplication.php(141): CWebApplication->runController('authoring/audio')
#3 /Users/zhangster/Sites/egoweb/egowebWebApp/system/framework/base/CApplication.php(169): CWebApplication->processRequest()
#4 /Users/zhangster/Sites/egoweb/egowebWebApp/index.php(18): CApplication->run()
#5 {main}
REQUEST_URI=/authoring/audio?type=EGO&questionId=29102&id=216
HTTP_REFERER=http://egoweb/authoring/ego/216
---
2014/04/24 14:23:17 [error] [exception.CHttpException.404] exception 'CHttpException' with message 'The system is unable to find the requested action "importaudio".' in /Users/zhangster/Sites/egoweb/egowebWebApp/system/framework/web/CController.php:483
Stack trace:
#0 /Users/zhangster/Sites/egoweb/egowebWebApp/system/framework/web/CController.php(270): CController->missingAction('importaudio')
#1 /Users/zhangster/Sites/egoweb/egowebWebApp/system/framework/web/CWebApplication.php(282): CController->run('importaudio')
#2 /Users/zhangster/Sites/egoweb/egowebWebApp/system/framework/web/CWebApplication.php(141): CWebApplication->runController('authoring/impor...')
#3 /Users/zhangster/Sites/egoweb/egowebWebApp/system/framework/base/CApplication.php(169): CWebApplication->processRequest()
#4 /Users/zhangster/Sites/egoweb/egowebWebApp/index.php(18): CApplication->run()
#5 {main}
REQUEST_URI=/authoring/importaudio?type=EGO&questionId=29102&id=216
HTTP_REFERER=http://egoweb/authoring/ego/216
---
2014/04/24 14:24:29 [error] [exception.CException] exception 'CException' with message 'AuthoringController cannot find the requested view "_form_audio".' in /Users/zhangster/Sites/egoweb/egowebWebApp/system/framework/web/CController.php:878
Stack trace:
#0 /Users/zhangster/Sites/egoweb/egowebWebApp/protected/controllers/AuthoringController.php(83): CController->renderPartial('_form_audio', Array)
#1 /Users/zhangster/Sites/egoweb/egowebWebApp/system/framework/web/actions/CInlineAction.php(49): AuthoringController->actionUploadaudio()
#2 /Users/zhangster/Sites/egoweb/egowebWebApp/system/framework/web/CController.php(308): CInlineAction->runWithParams(Array)
#3 /Users/zhangster/Sites/egoweb/egowebWebApp/system/framework/web/filters/CFilterChain.php(133): CController->runAction(Object(CInlineAction))
#4 /Users/zhangster/Sites/egoweb/egowebWebApp/system/framework/web/filters/CFilter.php(40): CFilterChain->run()
#5 /Users/zhangster/Sites/egoweb/egowebWebApp/system/framework/web/CController.php(1145): CFilter->filter(Object(CFilterChain))
#6 /Users/zhangster/Sites/egoweb/egowebWebApp/system/framework/web/filters/CInlineFilter.php(58): CController->filterAccessControl(Object(CFilterChain))
#7 /Users/zhangster/Sites/egoweb/egowebWebApp/system/framework/web/filters/CFilterChain.php(130): CInlineFilter->filter(Object(CFilterChain))
#8 /Users/zhangster/Sites/egoweb/egowebWebApp/system/framework/web/CController.php(291): CFilterChain->run()
#9 /Users/zhangster/Sites/egoweb/egowebWebApp/system/framework/web/CController.php(265): CController->runActionWithFilters(Object(CInlineAction), Array)
#10 /Users/zhangster/Sites/egoweb/egowebWebApp/system/framework/web/CWebApplication.php(282): CController->run('uploadaudio')
#11 /Users/zhangster/Sites/egoweb/egowebWebApp/system/framework/web/CWebApplication.php(141): CWebApplication->runController('authoring/uploa...')
#12 /Users/zhangster/Sites/egoweb/egowebWebApp/system/framework/base/CApplication.php(169): CWebApplication->processRequest()
#13 /Users/zhangster/Sites/egoweb/egowebWebApp/index.php(18): CApplication->run()
#14 {main}
REQUEST_URI=/authoring/uploadaudio?type=EGO&id=29102&studyId=216
HTTP_REFERER=http://egoweb/authoring/ego/216
---
2014/04/24 15:57:31 [error] [exception.CException] exception 'CException' with message 'Property "Question.type" is not defined.' in /Users/zhangster/Sites/egoweb/egowebWebApp/system/framework/base/CComponent.php:130
Stack trace:
#0 /Users/zhangster/Sites/egoweb/egowebWebApp/system/framework/db/ar/CActiveRecord.php(143): CComponent->__get('type')
#1 /Users/zhangster/Sites/egoweb/egowebWebApp/protected/views/authoring/_form_question.php(411): CActiveRecord->__get('type')
#2 /Users/zhangster/Sites/egoweb/egowebWebApp/system/framework/web/CBaseController.php(126): require('/Users/zhangste...')
#3 /Users/zhangster/Sites/egoweb/egowebWebApp/system/framework/web/CBaseController.php(95): CBaseController->renderInternal('/Users/zhangste...', Array, true)
#4 /Users/zhangster/Sites/egoweb/egowebWebApp/system/framework/web/CController.php(869): CBaseController->renderFile('/Users/zhangste...', Array, true)
#5 /Users/zhangster/Sites/egoweb/egowebWebApp/protected/views/authoring/view_question.php(106): CController->renderPartial('_form_question', Array, false, false)
#6 /Users/zhangster/Sites/egoweb/egowebWebApp/system/framework/web/CBaseController.php(126): require('/Users/zhangste...')
#7 /Users/zhangster/Sites/egoweb/egowebWebApp/system/framework/web/CBaseController.php(95): CBaseController->renderInternal('/Users/zhangste...', Array, true)
#8 /Users/zhangster/Sites/egoweb/egowebWebApp/system/framework/web/CController.php(869): CBaseController->renderFile('/Users/zhangste...', Array, true)
#9 /Users/zhangster/Sites/egoweb/egowebWebApp/system/framework/web/CController.php(782): CController->renderPartial('view_question', Array, true)
#10 /Users/zhangster/Sites/egoweb/egowebWebApp/protected/controllers/AuthoringController.php(280): CController->render('view_question', Array)
#11 [internal function]: AuthoringController->actionEgo('232')
#12 /Users/zhangster/Sites/egoweb/egowebWebApp/system/framework/web/actions/CAction.php(108): ReflectionMethod->invokeArgs(Object(AuthoringController), Array)
#13 /Users/zhangster/Sites/egoweb/egowebWebApp/system/framework/web/actions/CInlineAction.php(47): CAction->runWithParamsInternal(Object(AuthoringController), Object(ReflectionMethod), Array)
#14 /Users/zhangster/Sites/egoweb/egowebWebApp/system/framework/web/CController.php(308): CInlineAction->runWithParams(Array)
#15 /Users/zhangster/Sites/egoweb/egowebWebApp/system/framework/web/filters/CFilterChain.php(133): CController->runAction(Object(CInlineAction))
#16 /Users/zhangster/Sites/egoweb/egowebWebApp/system/framework/web/filters/CFilter.php(40): CFilterChain->run()
#17 /Users/zhangster/Sites/egoweb/egowebWebApp/system/framework/web/CController.php(1145): CFilter->filter(Object(CFilterChain))
#18 /Users/zhangster/Sites/egoweb/egowebWebApp/system/framework/web/filters/CInlineFilter.php(58): CController->filterAccessControl(Object(CFilterChain))
#19 /Users/zhangster/Sites/egoweb/egowebWebApp/system/framework/web/filters/CFilterChain.php(130): CInlineFilter->filter(Object(CFilterChain))
#20 /Users/zhangster/Sites/egoweb/egowebWebApp/system/framework/web/CController.php(291): CFilterChain->run()
#21 /Users/zhangster/Sites/egoweb/egowebWebApp/system/framework/web/CController.php(265): CController->runActionWithFilters(Object(CInlineAction), Array)
#22 /Users/zhangster/Sites/egoweb/egowebWebApp/system/framework/web/CWebApplication.php(282): CController->run('ego')
#23 /Users/zhangster/Sites/egoweb/egowebWebApp/system/framework/web/CWebApplication.php(141): CWebApplication->runController('authoring/ego')
#24 /Users/zhangster/Sites/egoweb/egowebWebApp/system/framework/base/CApplication.php(169): CWebApplication->processRequest()
#25 /Users/zhangster/Sites/egoweb/egowebWebApp/index.php(18): CApplication->run()
#26 {main}
REQUEST_URI=/authoring/ego/232
HTTP_REFERER=http://egoweb/authoring/edit/232
---
2014/04/24 16:53:08 [error] [exception.CException] exception 'CException' with message 'QuestionOption and its behaviors do not have a method or closure named "name".' in /Users/zhangster/Sites/egoweb/egowebWebApp/system/framework/base/CComponent.php:265
Stack trace:
#0 /Users/zhangster/Sites/egoweb/egowebWebApp/system/framework/db/ar/CActiveRecord.php(225): CComponent->__call('name', Array)
#1 /Users/zhangster/Sites/egoweb/egowebWebApp/system/framework/base/CComponent.php(606) : eval()'d code(1): CActiveRecord->__call('name', Array)
#2 /Users/zhangster/Sites/egoweb/egowebWebApp/system/framework/base/CComponent.php(606) : eval()'d code(1): QuestionOption->name('play')
#3 /Users/zhangster/Sites/egoweb/egowebWebApp/system/framework/base/CComponent.php(606): eval()
#4 /Users/zhangster/Sites/egoweb/egowebWebApp/system/framework/zii/widgets/grid/CDataColumn.php(131): CComponent->evaluateExpression('$data->name (fi...', Array)
#5 /Users/zhangster/Sites/egoweb/egowebWebApp/system/framework/zii/widgets/grid/CGridColumn.php(144): CDataColumn->renderDataCellContent(0, Object(QuestionOption))
#6 /Users/zhangster/Sites/egoweb/egowebWebApp/system/framework/zii/widgets/grid/CGridView.php(589): CGridColumn->renderDataCell(0)
#7 /Users/zhangster/Sites/egoweb/egowebWebApp/system/framework/zii/widgets/grid/CGridView.php(545): CGridView->renderTableRow(0)
#8 /Users/zhangster/Sites/egoweb/egowebWebApp/system/framework/zii/widgets/grid/CGridView.php(455): CGridView->renderTableBody()
#9 /Users/zhangster/Sites/egoweb/egowebWebApp/system/framework/zii/widgets/CBaseListView.php(160): CGridView->renderItems()
#10 [internal function]: CBaseListView->renderSection(Array)
#11 /Users/zhangster/Sites/egoweb/egowebWebApp/system/framework/zii/widgets/CBaseListView.php(143): preg_replace_callback('/{(\w+)}/', Array, '{summary}?{item...')
#12 /Users/zhangster/Sites/egoweb/egowebWebApp/system/framework/zii/widgets/CBaseListView.php(128): CBaseListView->renderContent()
#13 /Users/zhangster/Sites/egoweb/egowebWebApp/system/framework/web/CBaseController.php(173): CBaseListView->run()
#14 /Users/zhangster/Sites/egoweb/egowebWebApp/protected/views/authoring/_form_option.php(89): CBaseController->widget('zii.widgets.gri...', Array)
#15 /Users/zhangster/Sites/egoweb/egowebWebApp/system/framework/web/CBaseController.php(126): require('/Users/zhangste...')
#16 /Users/zhangster/Sites/egoweb/egowebWebApp/system/framework/web/CBaseController.php(95): CBaseController->renderInternal('/Users/zhangste...', Array, true)
#17 /Users/zhangster/Sites/egoweb/egowebWebApp/system/framework/web/CController.php(869): CBaseController->renderFile('/Users/zhangste...', Array, true)
#18 /Users/zhangster/Sites/egoweb/egowebWebApp/protected/controllers/AuthoringController.php(874): CController->renderPartial('_form_option', Array, false, true)
#19 /Users/zhangster/Sites/egoweb/egowebWebApp/system/framework/web/actions/CInlineAction.php(49): AuthoringController->actionAjaxload()
#20 /Users/zhangster/Sites/egoweb/egowebWebApp/system/framework/web/CController.php(308): CInlineAction->runWithParams(Array)
#21 /Users/zhangster/Sites/egoweb/egowebWebApp/system/framework/web/filters/CFilterChain.php(133): CController->runAction(Object(CInlineAction))
#22 /Users/zhangster/Sites/egoweb/egowebWebApp/system/framework/web/filters/CFilter.php(40): CFilterChain->run()
#23 /Users/zhangster/Sites/egoweb/egowebWebApp/system/framework/web/CController.php(1145): CFilter->filter(Object(CFilterChain))
#24 /Users/zhangster/Sites/egoweb/egowebWebApp/system/framework/web/filters/CInlineFilter.php(58): CController->filterAccessControl(Object(CFilterChain))
#25 /Users/zhangster/Sites/egoweb/egowebWebApp/system/framework/web/filters/CFilterChain.php(130): CInlineFilter->filter(Object(CFilterChain))
#26 /Users/zhangster/Sites/egoweb/egowebWebApp/system/framework/web/CController.php(291): CFilterChain->run()
#27 /Users/zhangster/Sites/egoweb/egowebWebApp/system/framework/web/CController.php(265): CController->runActionWithFilters(Object(CInlineAction), Array)
#28 /Users/zhangster/Sites/egoweb/egowebWebApp/system/framework/web/CWebApplication.php(282): CController->run('ajaxload')
#29 /Users/zhangster/Sites/egoweb/egowebWebApp/system/framework/web/CWebApplication.php(141): CWebApplication->runController('authoring/ajaxl...')
#30 /Users/zhangster/Sites/egoweb/egowebWebApp/system/framework/base/CApplication.php(169): CWebApplication->processRequest()
#31 /Users/zhangster/Sites/egoweb/egowebWebApp/index.php(18): CApplication->run()
#32 {main}
REQUEST_URI=/authoring/ajaxload?form=_form_option&questionId=28911&_=5359a3e207d44
HTTP_REFERER=http://egoweb/authoring/ego/209
---
2014/04/24 16:53:12 [error] [exception.CException] exception 'CException' with message 'QuestionOption and its behaviors do not have a method or closure named "name".' in /Users/zhangster/Sites/egoweb/egowebWebApp/system/framework/base/CComponent.php:265
Stack trace:
#0 /Users/zhangster/Sites/egoweb/egowebWebApp/system/framework/db/ar/CActiveRecord.php(225): CComponent->__call('name', Array)
#1 /Users/zhangster/Sites/egoweb/egowebWebApp/system/framework/base/CComponent.php(606) : eval()'d code(1): CActiveRecord->__call('name', Array)
#2 /Users/zhangster/Sites/egoweb/egowebWebApp/system/framework/base/CComponent.php(606) : eval()'d code(1): QuestionOption->name('play')
#3 /Users/zhangster/Sites/egoweb/egowebWebApp/system/framework/base/CComponent.php(606): eval()
#4 /Users/zhangster/Sites/egoweb/egowebWebApp/system/framework/zii/widgets/grid/CDataColumn.php(131): CComponent->evaluateExpression('$data->name (fi...', Array)
#5 /Users/zhangster/Sites/egoweb/egowebWebApp/system/framework/zii/widgets/grid/CGridColumn.php(144): CDataColumn->renderDataCellContent(0, Object(QuestionOption))
#6 /Users/zhangster/Sites/egoweb/egowebWebApp/system/framework/zii/widgets/grid/CGridView.php(589): CGridColumn->renderDataCell(0)
#7 /Users/zhangster/Sites/egoweb/egowebWebApp/system/framework/zii/widgets/grid/CGridView.php(545): CGridView->renderTableRow(0)
#8 /Users/zhangster/Sites/egoweb/egowebWebApp/system/framework/zii/widgets/grid/CGridView.php(455): CGridView->renderTableBody()
#9 /Users/zhangster/Sites/egoweb/egowebWebApp/system/framework/zii/widgets/CBaseListView.php(160): CGridView->renderItems()
#10 [internal function]: CBaseListView->renderSection(Array)
#11 /Users/zhangster/Sites/egoweb/egowebWebApp/system/framework/zii/widgets/CBaseListView.php(143): preg_replace_callback('/{(\w+)}/', Array, '{summary}?{item...')
#12 /Users/zhangster/Sites/egoweb/egowebWebApp/system/framework/zii/widgets/CBaseListView.php(128): CBaseListView->renderContent()
#13 /Users/zhangster/Sites/egoweb/egowebWebApp/system/framework/web/CBaseController.php(173): CBaseListView->run()
#14 /Users/zhangster/Sites/egoweb/egowebWebApp/protected/views/authoring/_form_option.php(89): CBaseController->widget('zii.widgets.gri...', Array)
#15 /Users/zhangster/Sites/egoweb/egowebWebApp/system/framework/web/CBaseController.php(126): require('/Users/zhangste...')
#16 /Users/zhangster/Sites/egoweb/egowebWebApp/system/framework/web/CBaseController.php(95): CBaseController->renderInternal('/Users/zhangste...', Array, true)
#17 /Users/zhangster/Sites/egoweb/egowebWebApp/system/framework/web/CController.php(869): CBaseController->renderFile('/Users/zhangste...', Array, true)
#18 /Users/zhangster/Sites/egoweb/egowebWebApp/protected/controllers/AuthoringController.php(874): CController->renderPartial('_form_option', Array, false, true)
#19 /Users/zhangster/Sites/egoweb/egowebWebApp/system/framework/web/actions/CInlineAction.php(49): AuthoringController->actionAjaxload()
#20 /Users/zhangster/Sites/egoweb/egowebWebApp/system/framework/web/CController.php(308): CInlineAction->runWithParams(Array)
#21 /Users/zhangster/Sites/egoweb/egowebWebApp/system/framework/web/filters/CFilterChain.php(133): CController->runAction(Object(CInlineAction))
#22 /Users/zhangster/Sites/egoweb/egowebWebApp/system/framework/web/filters/CFilter.php(40): CFilterChain->run()
#23 /Users/zhangster/Sites/egoweb/egowebWebApp/system/framework/web/CController.php(1145): CFilter->filter(Object(CFilterChain))
#24 /Users/zhangster/Sites/egoweb/egowebWebApp/system/framework/web/filters/CInlineFilter.php(58): CController->filterAccessControl(Object(CFilterChain))
#25 /Users/zhangster/Sites/egoweb/egowebWebApp/system/framework/web/filters/CFilterChain.php(130): CInlineFilter->filter(Object(CFilterChain))
#26 /Users/zhangster/Sites/egoweb/egowebWebApp/system/framework/web/CController.php(291): CFilterChain->run()
#27 /Users/zhangster/Sites/egoweb/egowebWebApp/system/framework/web/CController.php(265): CController->runActionWithFilters(Object(CInlineAction), Array)
#28 /Users/zhangster/Sites/egoweb/egowebWebApp/system/framework/web/CWebApplication.php(282): CController->run('ajaxload')
#29 /Users/zhangster/Sites/egoweb/egowebWebApp/system/framework/web/CWebApplication.php(141): CWebApplication->runController('authoring/ajaxl...')
#30 /Users/zhangster/Sites/egoweb/egowebWebApp/system/framework/base/CApplication.php(169): CWebApplication->processRequest()
#31 /Users/zhangster/Sites/egoweb/egowebWebApp/index.php(18): CApplication->run()
#32 {main}
REQUEST_URI=/authoring/ajaxload?form=_form_option&questionId=28911&_=5359a3e207d44
HTTP_REFERER=http://egoweb/authoring/ego/209
---
2014/04/24 17:03:47 [error] [exception.CHttpException.404] exception 'CHttpException' with message 'Unable to resolve the request "fonts/glyphicons-halflings-regular.woff".' in /Users/zhangster/Sites/egoweb/egowebWebApp/system/framework/web/CWebApplication.php:286
Stack trace:
#0 /Users/zhangster/Sites/egoweb/egowebWebApp/system/framework/web/CWebApplication.php(141): CWebApplication->runController('fonts/glyphicon...')
#1 /Users/zhangster/Sites/egoweb/egowebWebApp/system/framework/base/CApplication.php(169): CWebApplication->processRequest()
#2 /Users/zhangster/Sites/egoweb/egowebWebApp/index.php(18): CApplication->run()
#3 {main}
REQUEST_URI=/fonts/glyphicons-halflings-regular.woff
HTTP_REFERER=http://egoweb/authoring/ego/209
---
2014/04/24 17:03:47 [error] [exception.CHttpException.404] exception 'CHttpException' with message 'Unable to resolve the request "fonts/glyphicons-halflings-regular.ttf".' in /Users/zhangster/Sites/egoweb/egowebWebApp/system/framework/web/CWebApplication.php:286
Stack trace:
#0 /Users/zhangster/Sites/egoweb/egowebWebApp/system/framework/web/CWebApplication.php(141): CWebApplication->runController('fonts/glyphicon...')
#1 /Users/zhangster/Sites/egoweb/egowebWebApp/system/framework/base/CApplication.php(169): CWebApplication->processRequest()
#2 /Users/zhangster/Sites/egoweb/egowebWebApp/index.php(18): CApplication->run()
#3 {main}
REQUEST_URI=/fonts/glyphicons-halflings-regular.ttf
HTTP_REFERER=http://egoweb/authoring/ego/209
---
2014/04/24 17:03:47 [error] [exception.CHttpException.404] exception 'CHttpException' with message 'Unable to resolve the request "fonts/glyphicons-halflings-regular.svg".' in /Users/zhangster/Sites/egoweb/egowebWebApp/system/framework/web/CWebApplication.php:286
Stack trace:
#0 /Users/zhangster/Sites/egoweb/egowebWebApp/system/framework/web/CWebApplication.php(141): CWebApplication->runController('fonts/glyphicon...')
#1 /Users/zhangster/Sites/egoweb/egowebWebApp/system/framework/base/CApplication.php(169): CWebApplication->processRequest()
#2 /Users/zhangster/Sites/egoweb/egowebWebApp/index.php(18): CApplication->run()
#3 {main}
REQUEST_URI=/fonts/glyphicons-halflings-regular.svg
HTTP_REFERER=http://egoweb/authoring/ego/209
---
2014/04/24 18:16:46 [error] [php] Object of class QuestionOption could not be converted to string (/Users/zhangster/Sites/egoweb/egowebWebApp/system/framework/base/CComponent.php(606) : eval()'d code:1)
Stack trace:
#0 /Users/zhangster/Sites/egoweb/egowebWebApp/system/framework/zii/widgets/grid/CGridColumn.php(144): CDataColumn->renderDataCellContent()
#1 /Users/zhangster/Sites/egoweb/egowebWebApp/system/framework/zii/widgets/grid/CGridView.php(589): CDataColumn->renderDataCell()
#2 /Users/zhangster/Sites/egoweb/egowebWebApp/system/framework/zii/widgets/grid/CGridView.php(545): CGridView->renderTableRow()
#3 /Users/zhangster/Sites/egoweb/egowebWebApp/system/framework/zii/widgets/grid/CGridView.php(455): CGridView->renderTableBody()
#4 /Users/zhangster/Sites/egoweb/egowebWebApp/system/framework/zii/widgets/CBaseListView.php(160): CGridView->renderItems()
#5 unknown(0): CGridView->renderSection()
#6 /Users/zhangster/Sites/egoweb/egowebWebApp/system/framework/zii/widgets/CBaseListView.php(143): preg_replace_callback()
#7 /Users/zhangster/Sites/egoweb/egowebWebApp/system/framework/zii/widgets/CBaseListView.php(128): CGridView->renderContent()
#8 /Users/zhangster/Sites/egoweb/egowebWebApp/system/framework/web/CBaseController.php(173): CGridView->run()
#9 /Users/zhangster/Sites/egoweb/egowebWebApp/protected/views/authoring/_form_option.php(91): AuthoringController->widget()
#10 /Users/zhangster/Sites/egoweb/egowebWebApp/system/framework/web/CBaseController.php(126): require()
#11 /Users/zhangster/Sites/egoweb/egowebWebApp/system/framework/web/CBaseController.php(95): AuthoringController->renderInternal()
#12 /Users/zhangster/Sites/egoweb/egowebWebApp/system/framework/web/CController.php(869): AuthoringController->renderFile()
#13 /Users/zhangster/Sites/egoweb/egowebWebApp/protected/controllers/AuthoringController.php(875): AuthoringController->renderPartial()
#14 /Users/zhangster/Sites/egoweb/egowebWebApp/system/framework/web/actions/CInlineAction.php(49): AuthoringController->actionAjaxload()
#15 /Users/zhangster/Sites/egoweb/egowebWebApp/system/framework/web/CController.php(308): CInlineAction->runWithParams()
#16 /Users/zhangster/Sites/egoweb/egowebWebApp/system/framework/web/filters/CFilterChain.php(133): AuthoringController->runAction()
#17 /Users/zhangster/Sites/egoweb/egowebWebApp/system/framework/web/filters/CFilter.php(40): CFilterChain->run()
#18 /Users/zhangster/Sites/egoweb/egowebWebApp/system/framework/web/CController.php(1145): CAccessControlFilter->filter()
#19 /Users/zhangster/Sites/egoweb/egowebWebApp/system/framework/web/filters/CInlineFilter.php(58): AuthoringController->filterAccessControl()
#20 /Users/zhangster/Sites/egoweb/egowebWebApp/system/framework/web/filters/CFilterChain.php(130): CInlineFilter->filter()
#21 /Users/zhangster/Sites/egoweb/egowebWebApp/system/framework/web/CController.php(291): CFilterChain->run()
#22 /Users/zhangster/Sites/egoweb/egowebWebApp/system/framework/web/CController.php(265): AuthoringController->runActionWithFilters()
#23 /Users/zhangster/Sites/egoweb/egowebWebApp/system/framework/web/CWebApplication.php(282): AuthoringController->run()
#24 /Users/zhangster/Sites/egoweb/egowebWebApp/system/framework/web/CWebApplication.php(141): CWebApplication->runController()
#25 /Users/zhangster/Sites/egoweb/egowebWebApp/system/framework/base/CApplication.php(169): CWebApplication->processRequest()
#26 /Users/zhangster/Sites/egoweb/egowebWebApp/index.php(18): CWebApplication->run()
REQUEST_URI=/authoring/ajaxload?form=_form_option&questionId=28911&_=5359b77ce5f87
2014/04/25 01:00:21 [error] [exception.CHttpException.404] exception 'CHttpException' with message 'Unable to resolve the request "audio//OPTION/115239.mp3".' in /Users/zhangster/Sites/egoweb/egowebWebApp/system/framework/web/CWebApplication.php:286
Stack trace:
#0 /Users/zhangster/Sites/egoweb/egowebWebApp/system/framework/web/CWebApplication.php(141): CWebApplication->runController('audio//OPTION/1...')
#1 /Users/zhangster/Sites/egoweb/egowebWebApp/system/framework/base/CApplication.php(169): CWebApplication->processRequest()
#2 /Users/zhangster/Sites/egoweb/egowebWebApp/index.php(18): CApplication->run()
#3 {main}
REQUEST_URI=/audio//OPTION/115239.mp3?35b6eeac-9c3b-44dd-8301-a257a88dca40
HTTP_REFERER=http://egoweb/interviewing/39?interviewId=820&page=2
---
2014/04/25 01:00:28 [error] [exception.CHttpException.404] exception 'CHttpException' with message 'Unable to resolve the request "audio//OPTION/115239.mp3".' in /Users/zhangster/Sites/egoweb/egowebWebApp/system/framework/web/CWebApplication.php:286
Stack trace:
#0 /Users/zhangster/Sites/egoweb/egowebWebApp/system/framework/web/CWebApplication.php(141): CWebApplication->runController('audio//OPTION/1...')
#1 /Users/zhangster/Sites/egoweb/egowebWebApp/system/framework/base/CApplication.php(169): CWebApplication->processRequest()
#2 /Users/zhangster/Sites/egoweb/egowebWebApp/index.php(18): CApplication->run()
#3 {main}
REQUEST_URI=/audio//OPTION/115239.mp3?ca9965b5-f700-4bbb-a796-c0cc165ecfa6
HTTP_REFERER=http://egoweb/interviewing/39?interviewId=820&page=2
---
2014/04/25 01:01:14 [error] [exception.CHttpException.404] exception 'CHttpException' with message 'Unable to resolve the request "audio//OPTION/115239.mp3".' in /Users/zhangster/Sites/egoweb/egowebWebApp/system/framework/web/CWebApplication.php:286
Stack trace:
#0 /Users/zhangster/Sites/egoweb/egowebWebApp/system/framework/web/CWebApplication.php(141): CWebApplication->runController('audio//OPTION/1...')
#1 /Users/zhangster/Sites/egoweb/egowebWebApp/system/framework/base/CApplication.php(169): CWebApplication->processRequest()
#2 /Users/zhangster/Sites/egoweb/egowebWebApp/index.php(18): CApplication->run()
#3 {main}
REQUEST_URI=/audio//OPTION/115239.mp3?625f0944-6800-4e11-aa59-2b3f79a95b77
HTTP_REFERER=http://egoweb/interviewing/39?interviewId=820&page=2
---
2014/04/25 17:27:15 [error] [exception.CHttpException.404] exception 'CHttpException' with message 'Unable to resolve the request "favicon.ico".' in /Users/zhangster/Sites/egoweb/egowebWebApp/system/framework/web/CWebApplication.php:286
Stack trace:
#0 /Users/zhangster/Sites/egoweb/egowebWebApp/system/framework/web/CWebApplication.php(141): CWebApplication->runController('favicon.ico')
#1 /Users/zhangster/Sites/egoweb/egowebWebApp/system/framework/base/CApplication.php(169): CWebApplication->processRequest()
#2 /Users/zhangster/Sites/egoweb/egowebWebApp/index.php(18): CApplication->run()
#3 {main}
REQUEST_URI=/favicon.ico
---
2014/04/27 15:30:03 [error] [php] simplexml_load_file(): /private/var/tmp/phpv96RjJ:78: parser error : attributes construct error (/Users/zhangster/Sites/egoweb/egowebWebApp/protected/controllers/ImportExportController.php:11)
Stack trace:
#0 /Users/zhangster/Sites/egoweb/egowebWebApp/system/framework/web/CController.php(308): CInlineAction->runWithParams()
#1 /Users/zhangster/Sites/egoweb/egowebWebApp/system/framework/web/CController.php(286): ImportExportController->runAction()
#2 /Users/zhangster/Sites/egoweb/egowebWebApp/system/framework/web/CController.php(265): ImportExportController->runActionWithFilters()
#3 /Users/zhangster/Sites/egoweb/egowebWebApp/system/framework/web/CWebApplication.php(282): ImportExportController->run()
#4 /Users/zhangster/Sites/egoweb/egowebWebApp/system/framework/web/CWebApplication.php(141): CWebApplication->runController()
#5 /Users/zhangster/Sites/egoweb/egowebWebApp/system/framework/base/CApplication.php(169): CWebApplication->processRequest()
#6 /Users/zhangster/Sites/egoweb/egowebWebApp/index.php(18): CWebApplication->run()
REQUEST_URI=/importExport/importstudy
2014/04/27 15:37:09 [error] [php] simplexml_load_file(): /private/var/tmp/php2o76LZ:78: parser error : attributes construct error (/Users/zhangster/Sites/egoweb/egowebWebApp/protected/controllers/ImportExportController.php:11)
Stack trace:
#0 /Users/zhangster/Sites/egoweb/egowebWebApp/system/framework/web/CController.php(308): CInlineAction->runWithParams()
#1 /Users/zhangster/Sites/egoweb/egowebWebApp/system/framework/web/CController.php(286): ImportExportController->runAction()
#2 /Users/zhangster/Sites/egoweb/egowebWebApp/system/framework/web/CController.php(265): ImportExportController->runActionWithFilters()
#3 /Users/zhangster/Sites/egoweb/egowebWebApp/system/framework/web/CWebApplication.php(282): ImportExportController->run()
#4 /Users/zhangster/Sites/egoweb/egowebWebApp/system/framework/web/CWebApplication.php(141): CWebApplication->runController()
#5 /Users/zhangster/Sites/egoweb/egowebWebApp/system/framework/base/CApplication.php(169): CWebApplication->processRequest()
#6 /Users/zhangster/Sites/egoweb/egowebWebApp/index.php(18): CWebApplication->run()
REQUEST_URI=/importExport/importstudy
2014/04/27 15:47:03 [error] [php] simplexml_load_file(): /private/var/tmp/phpbgRAlj:243: parser error : Extra content at the end of the document (/Users/zhangster/Sites/egoweb/egowebWebApp/protected/controllers/ImportExportController.php:11)
Stack trace:
#0 /Users/zhangster/Sites/egoweb/egowebWebApp/system/framework/web/CController.php(308): CInlineAction->runWithParams()
#1 /Users/zhangster/Sites/egoweb/egowebWebApp/system/framework/web/CController.php(286): ImportExportController->runAction()
#2 /Users/zhangster/Sites/egoweb/egowebWebApp/system/framework/web/CController.php(265): ImportExportController->runActionWithFilters()
#3 /Users/zhangster/Sites/egoweb/egowebWebApp/system/framework/web/CWebApplication.php(282): ImportExportController->run()
#4 /Users/zhangster/Sites/egoweb/egowebWebApp/system/framework/web/CWebApplication.php(141): CWebApplication->runController()
#5 /Users/zhangster/Sites/egoweb/egowebWebApp/system/framework/base/CApplication.php(169): CWebApplication->processRequest()
#6 /Users/zhangster/Sites/egoweb/egowebWebApp/index.php(18): CWebApplication->run()
REQUEST_URI=/importExport/importstudy
2014/04/27 15:51:14 [error] [php] simplexml_load_file(): /private/var/tmp/phptgS7NL:243: parser error : Extra content at the end of the document (/Users/zhangster/Sites/egoweb/egowebWebApp/protected/controllers/ImportExportController.php:11)
Stack trace:
#0 /Users/zhangster/Sites/egoweb/egowebWebApp/system/framework/web/CController.php(308): CInlineAction->runWithParams()
#1 /Users/zhangster/Sites/egoweb/egowebWebApp/system/framework/web/CController.php(286): ImportExportController->runAction()
#2 /Users/zhangster/Sites/egoweb/egowebWebApp/system/framework/web/CController.php(265): ImportExportController->runActionWithFilters()
#3 /Users/zhangster/Sites/egoweb/egowebWebApp/system/framework/web/CWebApplication.php(282): ImportExportController->run()
#4 /Users/zhangster/Sites/egoweb/egowebWebApp/system/framework/web/CWebApplication.php(141): CWebApplication->runController()
#5 /Users/zhangster/Sites/egoweb/egowebWebApp/system/framework/base/CApplication.php(169): CWebApplication->processRequest()
#6 /Users/zhangster/Sites/egoweb/egowebWebApp/index.php(18): CWebApplication->run()
REQUEST_URI=/importExport/importstudy
2014/04/27 15:51:39 [error] [php] simplexml_load_file(): /private/var/tmp/php39Zrbb:243: parser error : Extra content at the end of the document (/Users/zhangster/Sites/egoweb/egowebWebApp/protected/controllers/ImportExportController.php:11)
Stack trace:
#0 /Users/zhangster/Sites/egoweb/egowebWebApp/system/framework/web/CController.php(308): CInlineAction->runWithParams()
#1 /Users/zhangster/Sites/egoweb/egowebWebApp/system/framework/web/CController.php(286): ImportExportController->runAction()
#2 /Users/zhangster/Sites/egoweb/egowebWebApp/system/framework/web/CController.php(265): ImportExportController->runActionWithFilters()
#3 /Users/zhangster/Sites/egoweb/egowebWebApp/system/framework/web/CWebApplication.php(282): ImportExportController->run()
#4 /Users/zhangster/Sites/egoweb/egowebWebApp/system/framework/web/CWebApplication.php(141): CWebApplication->runController()
#5 /Users/zhangster/Sites/egoweb/egowebWebApp/system/framework/base/CApplication.php(169): CWebApplication->processRequest()
#6 /Users/zhangster/Sites/egoweb/egowebWebApp/index.php(18): CWebApplication->run()
REQUEST_URI=/importExport/importstudy
