2016/01/04 00:01:23 [error] [exception.CHttpException.404] exception 'CHttpException' with message 'Unable to resolve the request "www/fonts".' in /Users/dzhang/Sites/egoweb/egowebWebApp/system/framework/web/CWebApplication.php:286
Stack trace:
#0 /Users/dzhang/Sites/egoweb/egowebWebApp/system/framework/web/CWebApplication.php(141): CWebApplication->runController('www/fonts')
#1 /Users/dzhang/Sites/egoweb/egowebWebApp/system/framework/base/CApplication.php(184): CWebApplication->processRequest()
#2 /Users/dzhang/Sites/egoweb/egowebWebApp/index.php(20): CApplication->run()
#3 {main}
REQUEST_URI=/www/fonts/fontawesome-webfont.woff2?v=4.3.0
HTTP_REFERER=http://egoweb/www/css/font-awesome.min.css
---
2016/01/04 00:01:23 [error] [exception.CHttpException.404] exception 'CHttpException' with message 'Unable to resolve the request "www/fonts".' in /Users/dzhang/Sites/egoweb/egowebWebApp/system/framework/web/CWebApplication.php:286
Stack trace:
#0 /Users/dzhang/Sites/egoweb/egowebWebApp/system/framework/web/CWebApplication.php(141): CWebApplication->runController('www/fonts')
#1 /Users/dzhang/Sites/egoweb/egowebWebApp/system/framework/base/CApplication.php(184): CWebApplication->processRequest()
#2 /Users/dzhang/Sites/egoweb/egowebWebApp/index.php(20): CApplication->run()
#3 {main}
REQUEST_URI=/www/fonts/fontawesome-webfont.woff?v=4.3.0
HTTP_REFERER=http://egoweb/www/css/font-awesome.min.css
---
2016/01/04 00:01:23 [error] [exception.CHttpException.404] exception 'CHttpException' with message 'Unable to resolve the request "www/fonts".' in /Users/dzhang/Sites/egoweb/egowebWebApp/system/framework/web/CWebApplication.php:286
Stack trace:
#0 /Users/dzhang/Sites/egoweb/egowebWebApp/system/framework/web/CWebApplication.php(141): CWebApplication->runController('www/fonts')
#1 /Users/dzhang/Sites/egoweb/egowebWebApp/system/framework/base/CApplication.php(184): CWebApplication->processRequest()
#2 /Users/dzhang/Sites/egoweb/egowebWebApp/index.php(20): CApplication->run()
#3 {main}
REQUEST_URI=/www/fonts/fontawesome-webfont.ttf?v=4.3.0
HTTP_REFERER=http://egoweb/www/css/font-awesome.min.css
---
2016/01/04 00:03:14 [error] [exception.CHttpException.404] exception 'CHttpException' with message 'The system is unable to find the requested action "1".' in /Users/dzhang/Sites/egoweb/egowebWebApp/system/framework/web/CController.php:483
Stack trace:
#0 /Users/dzhang/Sites/egoweb/egowebWebApp/system/framework/web/CController.php(270): CController->missingAction('1')
#1 /Users/dzhang/Sites/egoweb/egowebWebApp/system/framework/web/CWebApplication.php(282): CController->run('1')
#2 /Users/dzhang/Sites/egoweb/egowebWebApp/system/framework/web/CWebApplication.php(141): CWebApplication->runController('interview/1')
#3 /Users/dzhang/Sites/egoweb/egowebWebApp/system/framework/base/CApplication.php(184): CWebApplication->processRequest()
#4 /Users/dzhang/Sites/egoweb/egowebWebApp/index.php(20): CApplication->run()
#5 {main}
REQUEST_URI=/interview/1/3
HTTP_REFERER=http://egoweb/interview/1
---
2016/01/04 16:09:32 [error] [exception.CHttpException.404] exception 'CHttpException' with message 'Unable to resolve the request "www/fonts".' in /Users/dzhang/Sites/egoweb/egowebWebApp/system/framework/web/CWebApplication.php:286
Stack trace:
#0 /Users/dzhang/Sites/egoweb/egowebWebApp/system/framework/web/CWebApplication.php(141): CWebApplication->runController('www/fonts')
#1 /Users/dzhang/Sites/egoweb/egowebWebApp/system/framework/base/CApplication.php(184): CWebApplication->processRequest()
#2 /Users/dzhang/Sites/egoweb/egowebWebApp/index.php(20): CApplication->run()
#3 {main}
REQUEST_URI=/www/fonts/fontawesome-webfont.woff2?v=4.3.0
HTTP_REFERER=http://egoweb/www/css/font-awesome.min.css
---
2016/01/04 16:09:32 [error] [exception.CHttpException.404] exception 'CHttpException' with message 'Unable to resolve the request "www/fonts".' in /Users/dzhang/Sites/egoweb/egowebWebApp/system/framework/web/CWebApplication.php:286
Stack trace:
#0 /Users/dzhang/Sites/egoweb/egowebWebApp/system/framework/web/CWebApplication.php(141): CWebApplication->runController('www/fonts')
#1 /Users/dzhang/Sites/egoweb/egowebWebApp/system/framework/base/CApplication.php(184): CWebApplication->processRequest()
#2 /Users/dzhang/Sites/egoweb/egowebWebApp/index.php(20): CApplication->run()
#3 {main}
REQUEST_URI=/www/fonts/fontawesome-webfont.woff?v=4.3.0
HTTP_REFERER=http://egoweb/www/css/font-awesome.min.css
---
2016/01/04 16:09:32 [error] [exception.CHttpException.404] exception 'CHttpException' with message 'Unable to resolve the request "www/fonts".' in /Users/dzhang/Sites/egoweb/egowebWebApp/system/framework/web/CWebApplication.php:286
Stack trace:
#0 /Users/dzhang/Sites/egoweb/egowebWebApp/system/framework/web/CWebApplication.php(141): CWebApplication->runController('www/fonts')
#1 /Users/dzhang/Sites/egoweb/egowebWebApp/system/framework/base/CApplication.php(184): CWebApplication->processRequest()
#2 /Users/dzhang/Sites/egoweb/egowebWebApp/index.php(20): CApplication->run()
#3 {main}
REQUEST_URI=/www/fonts/fontawesome-webfont.ttf?v=4.3.0
HTTP_REFERER=http://egoweb/www/css/font-awesome.min.css
---
2016/01/06 15:41:23 [error] [exception.CHttpException.404] exception 'CHttpException' with message 'The system is unable to find the requested action "4".' in /Users/dzhang/Sites/egoweb/egowebWebApp/system/framework/web/CController.php:483
Stack trace:
#0 /Users/dzhang/Sites/egoweb/egowebWebApp/system/framework/web/CController.php(270): CController->missingAction('4')
#1 /Users/dzhang/Sites/egoweb/egowebWebApp/system/framework/web/CWebApplication.php(282): CController->run('4')
#2 /Users/dzhang/Sites/egoweb/egowebWebApp/system/framework/web/CWebApplication.php(141): CWebApplication->runController('interview/4')
#3 /Users/dzhang/Sites/egoweb/egowebWebApp/system/framework/base/CApplication.php(184): CWebApplication->processRequest()
#4 /Users/dzhang/Sites/egoweb/egowebWebApp/index.php(20): CApplication->run()
#5 {main}
REQUEST_URI=/interview/4/11
HTTP_REFERER=http://egoweb/interview/4
---
2016/01/06 15:41:40 [error] [exception.CHttpException.404] exception 'CHttpException' with message 'The system is unable to find the requested action "4".' in /Users/dzhang/Sites/egoweb/egowebWebApp/system/framework/web/CController.php:483
Stack trace:
#0 /Users/dzhang/Sites/egoweb/egowebWebApp/system/framework/web/CController.php(270): CController->missingAction('4')
#1 /Users/dzhang/Sites/egoweb/egowebWebApp/system/framework/web/CWebApplication.php(282): CController->run('4')
#2 /Users/dzhang/Sites/egoweb/egowebWebApp/system/framework/web/CWebApplication.php(141): CWebApplication->runController('interview/4')
#3 /Users/dzhang/Sites/egoweb/egowebWebApp/system/framework/base/CApplication.php(184): CWebApplication->processRequest()
#4 /Users/dzhang/Sites/egoweb/egowebWebApp/index.php(20): CApplication->run()
#5 {main}
REQUEST_URI=/interview/4/11
HTTP_REFERER=http://egoweb/interview/4
---
2016/01/06 15:41:43 [error] [exception.CHttpException.404] exception 'CHttpException' with message 'The system is unable to find the requested action "4".' in /Users/dzhang/Sites/egoweb/egowebWebApp/system/framework/web/CController.php:483
Stack trace:
#0 /Users/dzhang/Sites/egoweb/egowebWebApp/system/framework/web/CController.php(270): CController->missingAction('4')
#1 /Users/dzhang/Sites/egoweb/egowebWebApp/system/framework/web/CWebApplication.php(282): CController->run('4')
#2 /Users/dzhang/Sites/egoweb/egowebWebApp/system/framework/web/CWebApplication.php(141): CWebApplication->runController('interview/4')
#3 /Users/dzhang/Sites/egoweb/egowebWebApp/system/framework/base/CApplication.php(184): CWebApplication->processRequest()
#4 /Users/dzhang/Sites/egoweb/egowebWebApp/index.php(20): CApplication->run()
#5 {main}
REQUEST_URI=/interview/4/11
HTTP_REFERER=http://egoweb/interview/4
---
2016/01/06 15:41:58 [error] [exception.CHttpException.404] exception 'CHttpException' with message 'The system is unable to find the requested action "4".' in /Users/dzhang/Sites/egoweb/egowebWebApp/system/framework/web/CController.php:483
Stack trace:
#0 /Users/dzhang/Sites/egoweb/egowebWebApp/system/framework/web/CController.php(270): CController->missingAction('4')
#1 /Users/dzhang/Sites/egoweb/egowebWebApp/system/framework/web/CWebApplication.php(282): CController->run('4')
#2 /Users/dzhang/Sites/egoweb/egowebWebApp/system/framework/web/CWebApplication.php(141): CWebApplication->runController('interview/4')
#3 /Users/dzhang/Sites/egoweb/egowebWebApp/system/framework/base/CApplication.php(184): CWebApplication->processRequest()
#4 /Users/dzhang/Sites/egoweb/egowebWebApp/index.php(20): CApplication->run()
#5 {main}
REQUEST_URI=/interview/4/11
HTTP_REFERER=http://egoweb/interview/4
---
2016/01/06 15:42:22 [error] [exception.CHttpException.404] exception 'CHttpException' with message 'The system is unable to find the requested action "4".' in /Users/dzhang/Sites/egoweb/egowebWebApp/system/framework/web/CController.php:483
Stack trace:
#0 /Users/dzhang/Sites/egoweb/egowebWebApp/system/framework/web/CController.php(270): CController->missingAction('4')
#1 /Users/dzhang/Sites/egoweb/egowebWebApp/system/framework/web/CWebApplication.php(282): CController->run('4')
#2 /Users/dzhang/Sites/egoweb/egowebWebApp/system/framework/web/CWebApplication.php(141): CWebApplication->runController('interview/4')
#3 /Users/dzhang/Sites/egoweb/egowebWebApp/system/framework/base/CApplication.php(184): CWebApplication->processRequest()
#4 /Users/dzhang/Sites/egoweb/egowebWebApp/index.php(20): CApplication->run()
#5 {main}
REQUEST_URI=/interview/4/11
HTTP_REFERER=http://egoweb/interview
---
2016/01/13 11:30:32 [error] [exception.CHttpException.404] exception 'CHttpException' with message 'Unable to resolve the request "js/sigma.notes.js".' in /Volumes/Media/Sites/egoweb/egowebWebApp/system/framework/web/CWebApplication.php:286
Stack trace:
#0 /Volumes/Media/Sites/egoweb/egowebWebApp/system/framework/web/CWebApplication.php(141): CWebApplication->runController('js/sigma.notes....')
#1 /Volumes/Media/Sites/egoweb/egowebWebApp/system/framework/base/CApplication.php(184): CWebApplication->processRequest()
#2 /Volumes/Media/Sites/egoweb/egowebWebApp/index.php(20): CApplication->run()
#3 {main}
REQUEST_URI=/js/sigma.notes.js
HTTP_REFERER=http://egoweb/data/visualize?expressionId=127&interviewId=17
---
2016/01/13 13:19:00 [error] [exception.CHttpException.404] exception 'CHttpException' with message 'Unable to resolve the request "assets/2b44928ae11fb9384c4cf38708677c48.jpg".' in /Volumes/Media/Sites/egoweb/egowebWebApp/system/framework/web/CWebApplication.php:286
Stack trace:
#0 /Volumes/Media/Sites/egoweb/egowebWebApp/system/framework/web/CWebApplication.php(141): CWebApplication->runController('assets/2b44928a...')
#1 /Volumes/Media/Sites/egoweb/egowebWebApp/system/framework/base/CApplication.php(184): CWebApplication->processRequest()
#2 /Volumes/Media/Sites/egoweb/egowebWebApp/index.php(20): CApplication->run()
#3 {main}
REQUEST_URI=/assets/2b44928ae11fb9384c4cf38708677c48.jpg
HTTP_REFERER=http://egoweb/interview/7/17
---
2016/01/13 13:19:06 [error] [exception.CHttpException.404] exception 'CHttpException' with message 'Unable to resolve the request "assets/82161242827b703e6acf9c726942a1e4.jpg".' in /Volumes/Media/Sites/egoweb/egowebWebApp/system/framework/web/CWebApplication.php:286
Stack trace:
#0 /Volumes/Media/Sites/egoweb/egowebWebApp/system/framework/web/CWebApplication.php(141): CWebApplication->runController('assets/82161242...')
#1 /Volumes/Media/Sites/egoweb/egowebWebApp/system/framework/base/CApplication.php(184): CWebApplication->processRequest()
#2 /Volumes/Media/Sites/egoweb/egowebWebApp/index.php(20): CApplication->run()
#3 {main}
REQUEST_URI=/assets/82161242827b703e6acf9c726942a1e4.jpg
HTTP_REFERER=http://egoweb/interview/7/17
---
2016/01/13 13:19:17 [error] [exception.CHttpException.404] exception 'CHttpException' with message 'Unable to resolve the request "assets/2b44928ae11fb9384c4cf38708677c48.jpg".' in /Volumes/Media/Sites/egoweb/egowebWebApp/system/framework/web/CWebApplication.php:286
Stack trace:
#0 /Volumes/Media/Sites/egoweb/egowebWebApp/system/framework/web/CWebApplication.php(141): CWebApplication->runController('assets/2b44928a...')
#1 /Volumes/Media/Sites/egoweb/egowebWebApp/system/framework/base/CApplication.php(184): CWebApplication->processRequest()
#2 /Volumes/Media/Sites/egoweb/egowebWebApp/index.php(20): CApplication->run()
#3 {main}
REQUEST_URI=/assets/2b44928ae11fb9384c4cf38708677c48.jpg
HTTP_REFERER=http://egoweb/interview/7/17
---
2016/01/13 13:22:03 [error] [exception.CHttpException.404] exception 'CHttpException' with message 'Unable to resolve the request "assets/2b44928ae11fb9384c4cf38708677c48.jpg".' in /Volumes/Media/Sites/egoweb/egowebWebApp/system/framework/web/CWebApplication.php:286
Stack trace:
#0 /Volumes/Media/Sites/egoweb/egowebWebApp/system/framework/web/CWebApplication.php(141): CWebApplication->runController('assets/2b44928a...')
#1 /Volumes/Media/Sites/egoweb/egowebWebApp/system/framework/base/CApplication.php(184): CWebApplication->processRequest()
#2 /Volumes/Media/Sites/egoweb/egowebWebApp/index.php(20): CApplication->run()
#3 {main}
REQUEST_URI=/assets/2b44928ae11fb9384c4cf38708677c48.jpg
HTTP_REFERER=http://egoweb/interview/7/17
---
2016/01/13 13:22:26 [error] [exception.CHttpException.404] exception 'CHttpException' with message 'Unable to resolve the request "assets/2b44928ae11fb9384c4cf38708677c48.jpg".' in /Volumes/Media/Sites/egoweb/egowebWebApp/system/framework/web/CWebApplication.php:286
Stack trace:
#0 /Volumes/Media/Sites/egoweb/egowebWebApp/system/framework/web/CWebApplication.php(141): CWebApplication->runController('assets/2b44928a...')
#1 /Volumes/Media/Sites/egoweb/egowebWebApp/system/framework/base/CApplication.php(184): CWebApplication->processRequest()
#2 /Volumes/Media/Sites/egoweb/egowebWebApp/index.php(20): CApplication->run()
#3 {main}
REQUEST_URI=/assets/2b44928ae11fb9384c4cf38708677c48.jpg
HTTP_REFERER=http://egoweb/interview/7/17
---
2016/01/13 13:22:30 [error] [exception.CHttpException.404] exception 'CHttpException' with message 'Unable to resolve the request "assets/82161242827b703e6acf9c726942a1e4.jpg".' in /Volumes/Media/Sites/egoweb/egowebWebApp/system/framework/web/CWebApplication.php:286
Stack trace:
#0 /Volumes/Media/Sites/egoweb/egowebWebApp/system/framework/web/CWebApplication.php(141): CWebApplication->runController('assets/82161242...')
#1 /Volumes/Media/Sites/egoweb/egowebWebApp/system/framework/base/CApplication.php(184): CWebApplication->processRequest()
#2 /Volumes/Media/Sites/egoweb/egowebWebApp/index.php(20): CApplication->run()
#3 {main}
REQUEST_URI=/assets/82161242827b703e6acf9c726942a1e4.jpg
HTTP_REFERER=http://egoweb/interview/7/17
---
2016/01/18 01:28:06 [error] [exception.CHttpException.404] exception 'CHttpException' with message 'Unable to resolve the request "assets/2b44928ae11fb9384c4cf38708677c48.jpg".' in /Users/dzhang/Sites/egoweb/egowebWebApp/system/framework/web/CWebApplication.php:286
Stack trace:
#0 /Users/dzhang/Sites/egoweb/egowebWebApp/system/framework/web/CWebApplication.php(141): CWebApplication->runController('assets/2b44928a...')
#1 /Users/dzhang/Sites/egoweb/egowebWebApp/system/framework/base/CApplication.php(184): CWebApplication->processRequest()
#2 /Users/dzhang/Sites/egoweb/egowebWebApp/index.php(20): CApplication->run()
#3 {main}
REQUEST_URI=/assets/2b44928ae11fb9384c4cf38708677c48.jpg
HTTP_REFERER=http://egoweb/interview/7/17
---
2016/01/18 01:29:24 [error] [exception.CHttpException.404] exception 'CHttpException' with message 'Unable to resolve the request "assets/2b44928ae11fb9384c4cf38708677c48.jpg".' in /Users/dzhang/Sites/egoweb/egowebWebApp/system/framework/web/CWebApplication.php:286
Stack trace:
#0 /Users/dzhang/Sites/egoweb/egowebWebApp/system/framework/web/CWebApplication.php(141): CWebApplication->runController('assets/2b44928a...')
#1 /Users/dzhang/Sites/egoweb/egowebWebApp/system/framework/base/CApplication.php(184): CWebApplication->processRequest()
#2 /Users/dzhang/Sites/egoweb/egowebWebApp/index.php(20): CApplication->run()
#3 {main}
REQUEST_URI=/assets/2b44928ae11fb9384c4cf38708677c48.jpg
HTTP_REFERER=http://egoweb/interview/7/17
---
2016/01/18 01:30:31 [error] [exception.CHttpException.404] exception 'CHttpException' with message 'Unable to resolve the request "assets/2b44928ae11fb9384c4cf38708677c48.jpg".' in /Users/dzhang/Sites/egoweb/egowebWebApp/system/framework/web/CWebApplication.php:286
Stack trace:
#0 /Users/dzhang/Sites/egoweb/egowebWebApp/system/framework/web/CWebApplication.php(141): CWebApplication->runController('assets/2b44928a...')
#1 /Users/dzhang/Sites/egoweb/egowebWebApp/system/framework/base/CApplication.php(184): CWebApplication->processRequest()
#2 /Users/dzhang/Sites/egoweb/egowebWebApp/index.php(20): CApplication->run()
#3 {main}
REQUEST_URI=/assets/2b44928ae11fb9384c4cf38708677c48.jpg
HTTP_REFERER=http://egoweb/interview/7/17
---
2016/01/18 01:30:41 [error] [exception.CHttpException.404] exception 'CHttpException' with message 'Unable to resolve the request "assets/2b44928ae11fb9384c4cf38708677c48.jpg".' in /Users/dzhang/Sites/egoweb/egowebWebApp/system/framework/web/CWebApplication.php:286
Stack trace:
#0 /Users/dzhang/Sites/egoweb/egowebWebApp/system/framework/web/CWebApplication.php(141): CWebApplication->runController('assets/2b44928a...')
#1 /Users/dzhang/Sites/egoweb/egowebWebApp/system/framework/base/CApplication.php(184): CWebApplication->processRequest()
#2 /Users/dzhang/Sites/egoweb/egowebWebApp/index.php(20): CApplication->run()
#3 {main}
REQUEST_URI=/assets/2b44928ae11fb9384c4cf38708677c48.jpg
HTTP_REFERER=http://egoweb/interview/7/17
---
2016/01/18 01:36:18 [error] [exception.CHttpException.404] exception 'CHttpException' with message 'Unable to resolve the request "assets/2b44928ae11fb9384c4cf38708677c48.jpg".' in /Users/dzhang/Sites/egoweb/egowebWebApp/system/framework/web/CWebApplication.php:286
Stack trace:
#0 /Users/dzhang/Sites/egoweb/egowebWebApp/system/framework/web/CWebApplication.php(141): CWebApplication->runController('assets/2b44928a...')
#1 /Users/dzhang/Sites/egoweb/egowebWebApp/system/framework/base/CApplication.php(184): CWebApplication->processRequest()
#2 /Users/dzhang/Sites/egoweb/egowebWebApp/index.php(20): CApplication->run()
#3 {main}
REQUEST_URI=/assets/2b44928ae11fb9384c4cf38708677c48.jpg
HTTP_REFERER=http://egoweb/interview/7/17
---
2016/01/18 01:37:42 [error] [exception.CHttpException.404] exception 'CHttpException' with message 'Unable to resolve the request "assets/2b44928ae11fb9384c4cf38708677c48.jpg".' in /Users/dzhang/Sites/egoweb/egowebWebApp/system/framework/web/CWebApplication.php:286
Stack trace:
#0 /Users/dzhang/Sites/egoweb/egowebWebApp/system/framework/web/CWebApplication.php(141): CWebApplication->runController('assets/2b44928a...')
#1 /Users/dzhang/Sites/egoweb/egowebWebApp/system/framework/base/CApplication.php(184): CWebApplication->processRequest()
#2 /Users/dzhang/Sites/egoweb/egowebWebApp/index.php(20): CApplication->run()
#3 {main}
REQUEST_URI=/assets/2b44928ae11fb9384c4cf38708677c48.jpg
HTTP_REFERER=http://egoweb/interview/7/17
---
2016/01/18 01:41:02 [error] [exception.CHttpException.404] exception 'CHttpException' with message 'Unable to resolve the request "assets/2b44928ae11fb9384c4cf38708677c48.jpg".' in /Users/dzhang/Sites/egoweb/egowebWebApp/system/framework/web/CWebApplication.php:286
Stack trace:
#0 /Users/dzhang/Sites/egoweb/egowebWebApp/system/framework/web/CWebApplication.php(141): CWebApplication->runController('assets/2b44928a...')
#1 /Users/dzhang/Sites/egoweb/egowebWebApp/system/framework/base/CApplication.php(184): CWebApplication->processRequest()
#2 /Users/dzhang/Sites/egoweb/egowebWebApp/index.php(20): CApplication->run()
#3 {main}
REQUEST_URI=/assets/2b44928ae11fb9384c4cf38708677c48.jpg
HTTP_REFERER=http://egoweb/interview/7/17
---
2016/01/18 10:10:46 [error] [system.db.CDbCommand] CDbCommand::execute() failed: SQLSTATE[42S01]: Base table or view already exists: 1050 Table 'legend' already exists. The SQL statement executed was: CREATE TABLE `legend` (
	`id` int(11) NOT NULL AUTO_INCREMENT PRIMARY KEY,
	`studyId` int(11) NOT NULL,
	`questionId` int(11) NOT NULL,
	`shape` varchar(255) NOT NULL,
	`label` varchar(255),
	`color` varchar(255),
	`size` int(11),
	`ordering` int(11)
).
2016/01/18 10:12:28 [error] [system.db.CDbCommand] CDbCommand::execute() failed: SQLSTATE[42S21]: Column already exists: 1060 Duplicate column name 'status'. The SQL statement executed was: ALTER TABLE `study` ADD `status` int.
2016/01/18 02:21:23 [error] [exception.CException] exception 'CException' with message 'Property "Study.alterPrompt" is not defined.' in /Users/dzhang/Sites/egoweb/egowebWebApp/system/framework/base/CComponent.php:130
Stack trace:
#0 /Users/dzhang/Sites/egoweb/egowebWebApp/system/framework/db/ar/CActiveRecord.php(145): CComponent->__get('alterPrompt')
#1 /Users/dzhang/Sites/egoweb/egowebWebApp/system/framework/web/helpers/CHtml.php(2728): CActiveRecord->__get('alterPrompt')
#2 /Users/dzhang/Sites/egoweb/egowebWebApp/system/framework/web/helpers/CHtml.php(1833): CHtml::resolveValue(Object(Study), 'alterPrompt')
#3 /Users/dzhang/Sites/egoweb/egowebWebApp/system/framework/web/widgets/CActiveForm.php(853): CHtml::activeTextArea(Object(Study), 'alterPrompt', Array)
#4 /Users/dzhang/Sites/egoweb/egowebWebApp/protected/views/authoring/edit.php(142): CActiveForm->textArea(Object(Study), 'alterPrompt', Array)
#5 /Users/dzhang/Sites/egoweb/egowebWebApp/system/framework/web/CBaseController.php(126): require('/Users/dzhang/S...')
#6 /Users/dzhang/Sites/egoweb/egowebWebApp/system/framework/web/CBaseController.php(95): CBaseController->renderInternal('/Users/dzhang/S...', Array, true)
#7 /Users/dzhang/Sites/egoweb/egowebWebApp/system/framework/web/CController.php(869): CBaseController->renderFile('/Users/dzhang/S...', Array, true)
#8 /Users/dzhang/Sites/egoweb/egowebWebApp/system/framework/web/CController.php(782): CController->renderPartial('edit', Array, true)
#9 /Users/dzhang/Sites/egoweb/egowebWebApp/protected/controllers/AuthoringController.php(183): CController->render('edit', Array)
#10 [internal function]: AuthoringController->actionEdit('4')
#11 /Users/dzhang/Sites/egoweb/egowebWebApp/system/framework/web/actions/CAction.php(109): ReflectionMethod->invokeArgs(Object(AuthoringController), Array)
#12 /Users/dzhang/Sites/egoweb/egowebWebApp/system/framework/web/actions/CInlineAction.php(47): CAction->runWithParamsInternal(Object(AuthoringController), Object(ReflectionMethod), Array)
#13 /Users/dzhang/Sites/egoweb/egowebWebApp/system/framework/web/CController.php(308): CInlineAction->runWithParams(Array)
#14 /Users/dzhang/Sites/egoweb/egowebWebApp/system/framework/web/filters/CFilterChain.php(133): CController->runAction(Object(CInlineAction))
#15 /Users/dzhang/Sites/egoweb/egowebWebApp/system/framework/web/filters/CFilter.php(40): CFilterChain->run()
#16 /Users/dzhang/Sites/egoweb/egowebWebApp/system/framework/web/CController.php(1145): CFilter->filter(Object(CFilterChain))
#17 /Users/dzhang/Sites/egoweb/egowebWebApp/system/framework/web/filters/CInlineFilter.php(58): CController->filterAccessControl(Object(CFilterChain))
#18 /Users/dzhang/Sites/egoweb/egowebWebApp/system/framework/web/filters/CFilterChain.php(130): CInlineFilter->filter(Object(CFilterChain))
#19 /Users/dzhang/Sites/egoweb/egowebWebApp/system/framework/web/CController.php(291): CFilterChain->run()
#20 /Users/dzhang/Sites/egoweb/egowebWebApp/system/framework/web/CController.php(265): CController->runActionWithFilters(Object(CInlineAction), Array)
#21 /Users/dzhang/Sites/egoweb/egowebWebApp/system/framework/web/CWebApplication.php(282): CController->run('edit')
#22 /Users/dzhang/Sites/egoweb/egowebWebApp/system/framework/web/CWebApplication.php(141): CWebApplication->runController('authoring/edit')
#23 /Users/dzhang/Sites/egoweb/egowebWebApp/system/framework/base/CApplication.php(184): CWebApplication->processRequest()
#24 /Users/dzhang/Sites/egoweb/egowebWebApp/index.php(20): CApplication->run()
#25 {main}
REQUEST_URI=/authoring/edit/4
HTTP_REFERER=http://egoweb/authoring
---
2016/01/26 13:58:34 [error] [exception.CHttpException.404] exception 'CHttpException' with message 'Unable to resolve the request "www/css".' in /Users/dzhang/Sites/egoweb/egowebWebApp/system/framework/web/CWebApplication.php:286
Stack trace:
#0 /Users/dzhang/Sites/egoweb/egowebWebApp/system/framework/web/CWebApplication.php(141): CWebApplication->runController('www/css')
#1 /Users/dzhang/Sites/egoweb/egowebWebApp/system/framework/base/CApplication.php(184): CWebApplication->processRequest()
#2 /Users/dzhang/Sites/egoweb/egowebWebApp/index.php(20): CApplication->run()
#3 {main}
REQUEST_URI=/www/css/alp.css
HTTP_REFERER=http://egoweb/
---
2016/01/26 13:58:36 [error] [system.db.CDbCommand] CDbCommand::fetchAll() failed: SQLSTATE[42000]: Syntax error or access violation: 1064 You have an error in your SQL syntax; check the manual that corresponds to your MySQL server version for the right syntax to use near '' at line 1. The SQL statement executed was: SELECT studyId FROM interviewers WHERE interviewerId = .
2016/01/26 13:58:36 [error] [exception.CDbException] exception 'CDbException' with message 'CDbCommand failed to execute the SQL statement: SQLSTATE[42000]: Syntax error or access violation: 1064 You have an error in your SQL syntax; check the manual that corresponds to your MySQL server version for the right syntax to use near '' at line 1' in /Users/dzhang/Sites/egoweb/egowebWebApp/system/framework/db/CDbCommand.php:543
Stack trace:
#0 /Users/dzhang/Sites/egoweb/egowebWebApp/system/framework/db/CDbCommand.php(455): CDbCommand->queryInternal('fetchAll', Array, Array)
#1 /Users/dzhang/Sites/egoweb/egowebWebApp/protected/controllers/InterviewController.php(14): CDbCommand->queryColumn()
#2 /Users/dzhang/Sites/egoweb/egowebWebApp/system/framework/web/actions/CInlineAction.php(49): InterviewController->actionIndex()
#3 /Users/dzhang/Sites/egoweb/egowebWebApp/system/framework/web/CController.php(308): CInlineAction->runWithParams(Array)
#4 /Users/dzhang/Sites/egoweb/egowebWebApp/system/framework/web/CController.php(286): CController->runAction(Object(CInlineAction))
#5 /Users/dzhang/Sites/egoweb/egowebWebApp/system/framework/web/CController.php(265): CController->runActionWithFilters(Object(CInlineAction), Array)
#6 /Users/dzhang/Sites/egoweb/egowebWebApp/system/framework/web/CWebApplication.php(282): CController->run('')
#7 /Users/dzhang/Sites/egoweb/egowebWebApp/system/framework/web/CWebApplication.php(141): CWebApplication->runController('interview')
#8 /Users/dzhang/Sites/egoweb/egowebWebApp/system/framework/base/CApplication.php(184): CWebApplication->processRequest()
#9 /Users/dzhang/Sites/egoweb/egowebWebApp/index.php(20): CApplication->run()
#10 {main}
REQUEST_URI=/interview/
---
2016/01/26 13:58:36 [error] [exception.CHttpException.404] exception 'CHttpException' with message 'Unable to resolve the request "www/css".' in /Users/dzhang/Sites/egoweb/egowebWebApp/system/framework/web/CWebApplication.php:286
Stack trace:
#0 /Users/dzhang/Sites/egoweb/egowebWebApp/system/framework/web/CWebApplication.php(141): CWebApplication->runController('www/css')
#1 /Users/dzhang/Sites/egoweb/egowebWebApp/system/framework/base/CApplication.php(184): CWebApplication->processRequest()
#2 /Users/dzhang/Sites/egoweb/egowebWebApp/index.php(20): CApplication->run()
#3 {main}
REQUEST_URI=/www/css/alp.css
HTTP_REFERER=http://egoweb/interview/
---
2016/01/26 13:58:40 [error] [exception.CHttpException.404] exception 'CHttpException' with message 'Unable to resolve the request "www/css".' in /Users/dzhang/Sites/egoweb/egowebWebApp/system/framework/web/CWebApplication.php:286
Stack trace:
#0 /Users/dzhang/Sites/egoweb/egowebWebApp/system/framework/web/CWebApplication.php(141): CWebApplication->runController('www/css')
#1 /Users/dzhang/Sites/egoweb/egowebWebApp/system/framework/base/CApplication.php(184): CWebApplication->processRequest()
#2 /Users/dzhang/Sites/egoweb/egowebWebApp/index.php(20): CApplication->run()
#3 {main}
REQUEST_URI=/www/css/alp.css
HTTP_REFERER=http://egoweb/site/login
---
2016/01/26 13:58:41 [error] [exception.CHttpException.404] exception 'CHttpException' with message 'Unable to resolve the request "www/css".' in /Users/dzhang/Sites/egoweb/egowebWebApp/system/framework/web/CWebApplication.php:286
Stack trace:
#0 /Users/dzhang/Sites/egoweb/egowebWebApp/system/framework/web/CWebApplication.php(141): CWebApplication->runController('www/css')
#1 /Users/dzhang/Sites/egoweb/egowebWebApp/system/framework/base/CApplication.php(184): CWebApplication->processRequest()
#2 /Users/dzhang/Sites/egoweb/egowebWebApp/index.php(20): CApplication->run()
#3 {main}
REQUEST_URI=/www/css/alp.css
HTTP_REFERER=http://egoweb/admin
---
2016/01/26 13:58:43 [error] [exception.CHttpException.404] exception 'CHttpException' with message 'Unable to resolve the request "www/css".' in /Users/dzhang/Sites/egoweb/egowebWebApp/system/framework/web/CWebApplication.php:286
Stack trace:
#0 /Users/dzhang/Sites/egoweb/egowebWebApp/system/framework/web/CWebApplication.php(141): CWebApplication->runController('www/css')
#1 /Users/dzhang/Sites/egoweb/egowebWebApp/system/framework/base/CApplication.php(184): CWebApplication->processRequest()
#2 /Users/dzhang/Sites/egoweb/egowebWebApp/index.php(20): CApplication->run()
#3 {main}
REQUEST_URI=/www/css/alp.css
HTTP_REFERER=http://egoweb/interview
---
2016/01/26 13:58:47 [error] [exception.CHttpException.404] exception 'CHttpException' with message 'Unable to resolve the request "www/css".' in /Users/dzhang/Sites/egoweb/egowebWebApp/system/framework/web/CWebApplication.php:286
Stack trace:
#0 /Users/dzhang/Sites/egoweb/egowebWebApp/system/framework/web/CWebApplication.php(141): CWebApplication->runController('www/css')
#1 /Users/dzhang/Sites/egoweb/egowebWebApp/system/framework/base/CApplication.php(184): CWebApplication->processRequest()
#2 /Users/dzhang/Sites/egoweb/egowebWebApp/index.php(20): CApplication->run()
#3 {main}
REQUEST_URI=/www/css/alp.css
HTTP_REFERER=http://egoweb/interview/11
---
2016/01/26 13:59:18 [error] [exception.CHttpException.404] exception 'CHttpException' with message 'Unable to resolve the request "www/css".' in /Users/dzhang/Sites/egoweb/egowebWebApp/system/framework/web/CWebApplication.php:286
Stack trace:
#0 /Users/dzhang/Sites/egoweb/egowebWebApp/system/framework/web/CWebApplication.php(141): CWebApplication->runController('www/css')
#1 /Users/dzhang/Sites/egoweb/egowebWebApp/system/framework/base/CApplication.php(184): CWebApplication->processRequest()
#2 /Users/dzhang/Sites/egoweb/egowebWebApp/index.php(20): CApplication->run()
#3 {main}
REQUEST_URI=/www/css/alp.css
HTTP_REFERER=http://egoweb/interview/11
---
2016/01/26 13:59:36 [error] [exception.CHttpException.404] exception 'CHttpException' with message 'Unable to resolve the request "www/css".' in /Users/dzhang/Sites/egoweb/egowebWebApp/system/framework/web/CWebApplication.php:286
Stack trace:
#0 /Users/dzhang/Sites/egoweb/egowebWebApp/system/framework/web/CWebApplication.php(141): CWebApplication->runController('www/css')
#1 /Users/dzhang/Sites/egoweb/egowebWebApp/system/framework/base/CApplication.php(184): CWebApplication->processRequest()
#2 /Users/dzhang/Sites/egoweb/egowebWebApp/index.php(20): CApplication->run()
#3 {main}
REQUEST_URI=/www/css/alp.css
HTTP_REFERER=http://egoweb/interview/11
---
2016/01/29 01:40:09 [error] [exception.CHttpException.404] exception 'CHttpException' with message 'Unable to resolve the request "assets/47d1e990583c9c67424d369f3414728e.jpg".' in /Users/dzhang/Sites/egoweb/egowebWebApp/system/framework/web/CWebApplication.php:286
Stack trace:
#0 /Users/dzhang/Sites/egoweb/egowebWebApp/system/framework/web/CWebApplication.php(141): CWebApplication->runController('assets/47d1e990...')
#1 /Users/dzhang/Sites/egoweb/egowebWebApp/system/framework/base/CApplication.php(184): CWebApplication->processRequest()
#2 /Users/dzhang/Sites/egoweb/egowebWebApp/index.php(20): CApplication->run()
#3 {main}
REQUEST_URI=/assets/47d1e990583c9c67424d369f3414728e.jpg
HTTP_REFERER=http://egoweb/interview/12/27
---
2016/02/01 00:04:18 [error] [exception.CException] exception 'CException' with message 'Property "InterviewController.study" is not defined.' in /Users/dzhang/Sites/egoweb/app/system/framework/base/CComponent.php:173
Stack trace:
#0 /Users/dzhang/Sites/egoweb/app/protected/controllers/InterviewController.php(90): CComponent->__set('study', Object(Study))
#1 [internal function]: InterviewController->actionView('17')
#2 /Users/dzhang/Sites/egoweb/app/system/framework/web/actions/CAction.php(109): ReflectionMethod->invokeArgs(Object(InterviewController), Array)
#3 /Users/dzhang/Sites/egoweb/app/system/framework/web/actions/CInlineAction.php(47): CAction->runWithParamsInternal(Object(InterviewController), Object(ReflectionMethod), Array)
#4 /Users/dzhang/Sites/egoweb/app/system/framework/web/CController.php(308): CInlineAction->runWithParams(Array)
#5 /Users/dzhang/Sites/egoweb/app/system/framework/web/CController.php(286): CController->runAction(Object(CInlineAction))
#6 /Users/dzhang/Sites/egoweb/app/system/framework/web/CController.php(265): CController->runActionWithFilters(Object(CInlineAction), Array)
#7 /Users/dzhang/Sites/egoweb/app/system/framework/web/CWebApplication.php(282): CController->run('view')
#8 /Users/dzhang/Sites/egoweb/app/system/framework/web/CWebApplication.php(141): CWebApplication->runController('interview/view')
#9 /Users/dzhang/Sites/egoweb/app/system/framework/base/CApplication.php(184): CWebApplication->processRequest()
#10 /Users/dzhang/Sites/egoweb/app/index.php(20): CApplication->run()
#11 {main}
REQUEST_URI=/interview/17
HTTP_REFERER=http://egoweb/interview?studyId=17
---
2016/02/01 00:05:42 [error] [exception.CException] exception 'CException' with message 'InterviewController and its behaviors do not have a method or closure named "getTableAlias".' in /Users/dzhang/Sites/egoweb/app/system/framework/base/CComponent.php:266
Stack trace:
#0 /Users/dzhang/Sites/egoweb/app/system/framework/db/ar/CActiveRecord.php(1489): CComponent->__call('getTableAlias', Array)
#1 /Users/dzhang/Sites/egoweb/app/system/framework/db/ar/CActiveRecord.php(1489): InterviewController->getTableAlias(true)
#2 /Users/dzhang/Sites/egoweb/app/protected/views/layouts/main.php(22): CActiveRecord->findByPk('17')
#3 /Users/dzhang/Sites/egoweb/app/system/framework/web/CBaseController.php(126): require('/Users/dzhang/S...')
#4 /Users/dzhang/Sites/egoweb/app/system/framework/web/CBaseController.php(95): CBaseController->renderInternal('/Users/dzhang/S...', Array, true)
#5 /Users/dzhang/Sites/egoweb/app/system/framework/web/CController.php(784): CBaseController->renderFile('/Users/dzhang/S...', Array, true)
#6 /Users/dzhang/Sites/egoweb/app/protected/controllers/InterviewController.php(251): CController->render('view', Array)
#7 [internal function]: InterviewController->actionView('17')
#8 /Users/dzhang/Sites/egoweb/app/system/framework/web/actions/CAction.php(109): ReflectionMethod->invokeArgs(Object(InterviewController), Array)
#9 /Users/dzhang/Sites/egoweb/app/system/framework/web/actions/CInlineAction.php(47): CAction->runWithParamsInternal(Object(InterviewController), Object(ReflectionMethod), Array)
#10 /Users/dzhang/Sites/egoweb/app/system/framework/web/CController.php(308): CInlineAction->runWithParams(Array)
#11 /Users/dzhang/Sites/egoweb/app/system/framework/web/CController.php(286): CController->runAction(Object(CInlineAction))
#12 /Users/dzhang/Sites/egoweb/app/system/framework/web/CController.php(265): CController->runActionWithFilters(Object(CInlineAction), Array)
#13 /Users/dzhang/Sites/egoweb/app/system/framework/web/CWebApplication.php(282): CController->run('view')
#14 /Users/dzhang/Sites/egoweb/app/system/framework/web/CWebApplication.php(141): CWebApplication->runController('interview/view')
#15 /Users/dzhang/Sites/egoweb/app/system/framework/base/CApplication.php(184): CWebApplication->processRequest()
#16 /Users/dzhang/Sites/egoweb/app/index.php(20): CApplication->run()
#17 {main}
REQUEST_URI=/interview/17
HTTP_REFERER=http://egoweb/interview?studyId=17
---
